0 info it worked if it ends with ok
1 verbose cli [ 'C:\\Environments\\Node.js\\node.exe',
1 verbose cli   'C:\\Environments\\Node.js\\node_modules\\npm\\bin\\npm-cli.js',
1 verbose cli   'start' ]
2 info using npm@3.10.8
3 info using node@v6.9.1
4 verbose run-script [ 'prestart', 'start', 'poststart' ]
5 info lifecycle Angular-tour-of-heroes@1.0.0~prestart: Angular-tour-of-heroes@1.0.0
6 silly lifecycle Angular-tour-of-heroes@1.0.0~prestart: no script for prestart, continuing
7 info lifecycle Angular-tour-of-heroes@1.0.0~start: Angular-tour-of-heroes@1.0.0
8 verbose lifecycle Angular-tour-of-heroes@1.0.0~start: unsafe-perm in lifecycle true
9 verbose lifecycle Angular-tour-of-heroes@1.0.0~start: PATH: C:\Environments\Node.js\node_modules\npm\bin\node-gyp-bin;C:\Users\Von Frank\Documents\Development\03Angular-tour-of-heroes\node_modules\.bin;C:\Users\Von Frank\AppData\Roaming\npm;C:\Environments\Node.js\;C:\ProgramData\Oracle\Java\javapath;C:\Windows\system32;C:\Windows;C:\Windows\System32\Wbem;C:\Windows\System32\WindowsPowerShell\v1.0\;C:\Program Files\Microsoft SQL Server\120\Tools\Binn\;C:\Program Files\Microsoft SQL Server\130\Tools\Binn\;C:\Program Files\dotnet\;C:\Program Files (x86)\NVIDIA Corporation\PhysX\Common;C:\Environments\Node.js\;C:\Environments\Python\Scripts\;C:\Environments\Python\;C:\Users\Von Frank\AppData\Local\Microsoft\WindowsApps;C:\Program Files (x86)\Microsoft VS Code\bin;C:\Users\Von Frank\AppData\Roaming\npm
10 verbose lifecycle Angular-tour-of-heroes@1.0.0~start: CWD: C:\Users\Von Frank\Documents\Development\03Angular-tour-of-heroes
11 silly lifecycle Angular-tour-of-heroes@1.0.0~start: Args: [ '/d /s /c', 'tsc && concurrently "tsc -w" "lite-server" ' ]
12 silly lifecycle Angular-tour-of-heroes@1.0.0~start: Returned: code: 3221225786  signal: null
13 info lifecycle Angular-tour-of-heroes@1.0.0~start: Failed to exec start script
14 verbose stack Error: Angular-tour-of-heroes@1.0.0 start: `tsc && concurrently "tsc -w" "lite-server" `
14 verbose stack Exit status 3221225786
14 verbose stack     at EventEmitter.<anonymous> (C:\Environments\Node.js\node_modules\npm\lib\utils\lifecycle.js:255:16)
14 verbose stack     at emitTwo (events.js:106:13)
14 verbose stack     at EventEmitter.emit (events.js:191:7)
14 verbose stack     at ChildProcess.<anonymous> (C:\Environments\Node.js\node_modules\npm\lib\utils\spawn.js:40:14)
14 verbose stack     at emitTwo (events.js:106:13)
14 verbose stack     at ChildProcess.emit (events.js:191:7)
14 verbose stack     at maybeClose (internal/child_process.js:877:16)
14 verbose stack     at Process.ChildProcess._handle.onexit (internal/child_process.js:226:5)
15 verbose pkgid Angular-tour-of-heroes@1.0.0
16 verbose cwd C:\Users\Von Frank\Documents\Development\03Angular-tour-of-heroes
17 error Windows_NT 10.0.14393
18 error argv "C:\\Environments\\Node.js\\node.exe" "C:\\Environments\\Node.js\\node_modules\\npm\\bin\\npm-cli.js" "start"
19 error node v6.9.1
20 error npm  v3.10.8
21 error code ELIFECYCLE
22 error Angular-tour-of-heroes@1.0.0 start: `tsc && concurrently "tsc -w" "lite-server" `
22 error Exit status 3221225786
23 error Failed at the Angular-tour-of-heroes@1.0.0 start script 'tsc && concurrently "tsc -w" "lite-server" '.
23 error Make sure you have the latest version of node.js and npm installed.
23 error If you do, this is most likely a problem with the Angular-tour-of-heroes package,
23 error not with npm itself.
23 error Tell the author that this fails on your system:
23 error     tsc && concurrently "tsc -w" "lite-server"
23 error You can get information on how to open an issue for this project with:
23 error     npm bugs Angular-tour-of-heroes
23 error Or if that isn't available, you can get their info via:
23 error     npm owner ls Angular-tour-of-heroes
23 error There is likely additional logging output above.
24 verbose exit [ 1, true ]
